Copyright 1986-2020 Xilinx, Inc. All Rights Reserved.
------------------------------------------------------------------------------------
| Tool Version : Vivado v.2020.2 (win64) Build 3064766 Wed Nov 18 09:12:45 MST 2020
| Date         : Thu Apr 29 10:46:50 2021
| Host         : DESKTOP-T5F1BVP running 64-bit major release  (build 9200)
| Command      : report_control_sets -verbose -file Tx_control_sets_placed.rpt
| Design       : Tx
| Device       : xc7a12ti
------------------------------------------------------------------------------------

Control Set Information

Table of Contents
-----------------
1. Summary
2. Histogram
3. Flip-Flop Distribution
4. Detailed Control Set Information

1. Summary
----------

+----------------------------------------------------------+-------+
|                          Status                          | Count |
+----------------------------------------------------------+-------+
| Total control sets                                       |     6 |
|    Minimum number of control sets                        |     6 |
|    Addition due to synthesis replication                 |     0 |
|    Addition due to physical synthesis replication        |     0 |
| Unused register locations in slices containing registers |    29 |
+----------------------------------------------------------+-------+
* Control sets can be merged at opt_design using control_set_merge or merge_equivalent_drivers
** Run report_qor_suggestions for automated merging and remapping suggestions


2. Histogram
------------

+--------------------+-------+
|       Fanout       | Count |
+--------------------+-------+
| Total control sets |     6 |
| >= 0 to < 4        |     3 |
| >= 4 to < 6        |     1 |
| >= 6 to < 8        |     0 |
| >= 8 to < 10       |     0 |
| >= 10 to < 12      |     1 |
| >= 12 to < 14      |     0 |
| >= 14 to < 16      |     0 |
| >= 16              |     1 |
+--------------------+-------+
* Control sets can be remapped at either synth_design or opt_design


3. Flip-Flop Distribution
-------------------------

+--------------+-----------------------+------------------------+-----------------+--------------+
| Clock Enable | Synchronous Set/Reset | Asynchronous Set/Reset | Total Registers | Total Slices |
+--------------+-----------------------+------------------------+-----------------+--------------+
| No           | No                    | No                     |               1 |            1 |
| No           | No                    | Yes                    |              17 |            5 |
| No           | Yes                   | No                     |               0 |            0 |
| Yes          | No                    | No                     |               0 |            0 |
| Yes          | No                    | Yes                    |              17 |            4 |
| Yes          | Yes                   | No                     |               0 |            0 |
+--------------+-----------------------+------------------------+-----------------+--------------+


4. Detailed Control Set Information
-----------------------------------

+-------------------------------+-------------------------------------------------+---------------------------+------------------+----------------+--------------+
|          Clock Signal         |                  Enable Signal                  |      Set/Reset Signal     | Slice Load Count | Bel Load Count | Bels / Slice |
+-------------------------------+-------------------------------------------------+---------------------------+------------------+----------------+--------------+
|  slowClk/counter/atLargestVal |                                                 | transmitterFSM/resetTimer |                1 |              1 |         1.00 |
|  clk_IBUF_BUFG                |                                                 |                           |                1 |              1 |         1.00 |
|  clk_IBUF_BUFG                | transmitterFSM/posedgeDetector/E[0]             | reset_IBUF                |                1 |              3 |         3.00 |
|  clk_IBUF_BUFG                | transmitterFSM/E[0]                             | transmitterFSM/resetTimer |                1 |              4 |         4.00 |
|  clk_IBUF_BUFG                | transmitterFSM/FSM_sequential_state_reg[0]_0[0] | reset_IBUF                |                2 |             10 |         5.00 |
|  clk_IBUF_BUFG                |                                                 | transmitterFSM/resetTimer |                4 |             16 |         4.00 |
+-------------------------------+-------------------------------------------------+---------------------------+------------------+----------------+--------------+


